<?xml version="1.0" encoding="UTF-8"?>
<!-- Generated by org.testng.reporters.JUnitXMLReporter -->
<testsuite ignored="0" hostname="DESKTOP-OJU0P6V" failures="0" tests="6" name="IDX_ADSEF" time="36.435" errors="0" timestamp="2024-03-04T10:46:24 IST">
  <testcase classname="com.qa.tests.IDX_ADSEF" name="Credentilas" time="11.376"/>
  <testcase classname="com.qa.tests.IDX_ADSEF" name="SearchReasonByClient" time="3.43"/>
  <testcase classname="com.qa.tests.IDX_ADSEF" name="Searchreasonbyinputparameter" time="3.476"/>
  <testcase classname="com.qa.tests.IDX_ADSEF" name="CitizenSearch" time="15.055"/>
  <testcase classname="com.qa.tests.IDX_ADSEF" name="CitizenDetails" time="1.713"/>
  <testcase classname="com.qa.tests.IDX_ADSEF" name="CitizenRetryAgency" time="1.285"/>
</testsuite> <!-- IDX_ADSEF -->
